This is pdfTeX, Version 3.14159265-2.6-1.40.21 (TeX Live 2020) (preloaded format=latex 2020.4.7)  11 JUL 2020 19:36
entering extended mode
 restricted \write18 enabled.
 %&-line parsing enabled.
**Friberg.tex
(./Friberg.tex
LaTeX2e <2020-02-02> patch level 5
L3 programming layer <2020-03-06>
(/usr/local/texlive/2020/texmf-dist/tex/latex/base/article.cls
Document Class: article 2019/12/20 v1.4l Standard LaTeX document class
(/usr/local/texlive/2020/texmf-dist/tex/latex/base/size12.clo
File: size12.clo 2019/12/20 v1.4l Standard LaTeX file (size option)
)
\c@part=\count167
\c@section=\count168
\c@subsection=\count169
\c@subsubsection=\count170
\c@paragraph=\count171
\c@subparagraph=\count172
\c@figure=\count173
\c@table=\count174
\abovecaptionskip=\skip47
\belowcaptionskip=\skip48
\bibindent=\dimen134
)
(/usr/local/texlive/2020/texmf-dist/tex/latex/amsmath/amsmath.sty
Package: amsmath 2020/01/20 v2.17e AMS math features
\@mathmargin=\skip49

For additional information on amsmath, use the `?' option.
(/usr/local/texlive/2020/texmf-dist/tex/latex/amsmath/amstext.sty
Package: amstext 2000/06/29 v2.01 AMS text

(/usr/local/texlive/2020/texmf-dist/tex/latex/amsmath/amsgen.sty
File: amsgen.sty 1999/11/30 v2.0 generic functions
\@emptytoks=\toks15
\ex@=\dimen135
))
(/usr/local/texlive/2020/texmf-dist/tex/latex/amsmath/amsbsy.sty
Package: amsbsy 1999/11/29 v1.2d Bold Symbols
\pmbraise@=\dimen136
)
(/usr/local/texlive/2020/texmf-dist/tex/latex/amsmath/amsopn.sty
Package: amsopn 2016/03/08 v2.02 operator names
)
\inf@bad=\count175
LaTeX Info: Redefining \frac on input line 227.
\uproot@=\count176
\leftroot@=\count177
LaTeX Info: Redefining \overline on input line 389.
\classnum@=\count178
\DOTSCASE@=\count179
LaTeX Info: Redefining \ldots on input line 486.
LaTeX Info: Redefining \dots on input line 489.
LaTeX Info: Redefining \cdots on input line 610.
\Mathstrutbox@=\box45
\strutbox@=\box46
\big@size=\dimen137
LaTeX Font Info:    Redeclaring font encoding OML on input line 733.
LaTeX Font Info:    Redeclaring font encoding OMS on input line 734.
\macc@depth=\count180
\c@MaxMatrixCols=\count181
\dotsspace@=\muskip16
\c@parentequation=\count182
\dspbrk@lvl=\count183
\tag@help=\toks16
\row@=\count184
\column@=\count185
\maxfields@=\count186
\andhelp@=\toks17
\eqnshift@=\dimen138
\alignsep@=\dimen139
\tagshift@=\dimen140
\tagwidth@=\dimen141
\totwidth@=\dimen142
\lineht@=\dimen143
\@envbody=\toks18
\multlinegap=\skip50
\multlinetaggap=\skip51
\mathdisplay@stack=\toks19
LaTeX Info: Redefining \[ on input line 2859.
LaTeX Info: Redefining \] on input line 2860.
)
(/usr/local/texlive/2020/texmf-dist/tex/generic/babel/babel.sty
Package: babel 2020/03/22 3.42 The Babel package

(/usr/local/texlive/2020/texmf-dist/tex/generic/babel/switch.def
File: switch.def 2020/03/22 3.42 Babel switching mechanism
)
(/usr/local/texlive/2020/texmf-dist/tex/generic/babel-english/english.ldf
Language: english 2017/06/06 v3.3r English support from the babel system

(/usr/local/texlive/2020/texmf-dist/tex/generic/babel/babel.def
File: babel.def 2020/03/22 3.42 Babel common definitions
\babel@savecnt=\count187
\U@D=\dimen144

(/usr/local/texlive/2020/texmf-dist/tex/generic/babel/txtbabel.def)
\bbl@readstream=\read2
\bbl@dirlevel=\count188
)
Package babel Info: \l@canadian = using hyphenrules for english
(babel)             (\language0) on input line 102.
Package babel Info: \l@australian = using hyphenrules for ukenglish
(babel)             (\language21) on input line 105.
Package babel Info: \l@newzealand = using hyphenrules for ukenglish
(babel)             (\language21) on input line 108.
))
(/usr/local/texlive/2020/texmf-dist/tex/latex/base/inputenc.sty
Package: inputenc 2018/08/11 v1.3c Input encoding file
\inpenc@prehook=\toks20
\inpenc@posthook=\toks21
)
(/usr/local/texlive/2020/texmf-dist/tex/latex/base/fontenc.sty
Package: fontenc 2020/02/11 v2.0o Standard LaTeX package
)
(/usr/local/texlive/2020/texmf-dist/tex/latex/tasks/tasks.sty
(/usr/local/texlive/2020/texmf-dist/tex/latex/l3kernel/expl3.sty
Package: expl3 2020-03-06 L3 programming layer (loader) 

(/usr/local/texlive/2020/texmf-dist/tex/latex/l3backend/l3backend-dvips.def
File: l3backend-dvips.def 2020-03-12 L3 backend support: dvips
\l__pdf_internal_box=\box47
\g__pdf_backend_object_int=\count189
\l__pdf_backend_content_box=\box48
\l__pdf_backend_model_box=\box49
\g__pdf_backend_annotation_int=\count190
\g__pdf_backend_link_int=\count191
\g__pdf_backend_link_sf_int=\count192
))
(/usr/local/texlive/2020/texmf-dist/tex/latex/l3packages/xparse/xparse.sty
Package: xparse 2020-03-06 L3 Experimental document command parser
\l__xparse_current_arg_int=\count193
\g__xparse_grabber_int=\count194
\l__xparse_m_args_int=\count195
\l__xparse_v_nesting_int=\count196
)
(/usr/local/texlive/2020/texmf-dist/tex/latex/l3packages/xtemplate/xtemplate.st
y
Package: xtemplate 2020-03-06 L3 Experimental prototype document functions
\l__xtemplate_tmp_dim=\dimen145
\l__xtemplate_tmp_int=\count197
\l__xtemplate_tmp_muskip=\muskip17
\l__xtemplate_tmp_skip=\skip52
)
Package: tasks 2020/03/21 v1.2 lists with columns filled horizontally
\g__tasks_total_items_int=\count198
\l__tasks_columns_int=\count199
\g__tasks_rows_int=\count266
\g__tasks_current_col_num_int=\count267
\g__tasks_current_row_num_int=\count268
\l__tasks_item_columns_int=\count269
\g__tasks_env_int=\count270
\l__tasks_start_int=\count271
\l__tasks_item_indent_dim=\dimen146
\l__tasks_item_default_indent_dim=\dimen147
\l__tasks_item_width_dim=\dimen148
\l__tasks_label_width_dim=\dimen149
\l__tasks_label_default_width_dim=\dimen150
\l__tasks_label_offset_dim=\dimen151
\l__tasks_label_default_offset_dim=\dimen152
\l__tasks_column_sep_dim=\dimen153
\l__tasks_correction_dim=\dimen154
\l__tasks_full_width_dim=\dimen155
\l__tasks_after_item_skip=\skip53
\l__tasks_custom_after_item_skip=\skip54
\l__tasks_before_list_skip=\skip55
\l__tasks_after_list_skip=\skip56
\l__tasks_item_coffin=\box50
\l__tasks_label_coffin=\box51
\c@task=\count272
\l__tasks_tmpa_int=\count273
\l__tasks_tmpb_int=\count274
\l__tasks_tmpa_coffin=\box52
\l__tasks_tmpa_box=\box53

Package xtemplate Info: Declaring object type 'tasks' taking 3 argument(s) on
(xtemplate)             line 440.

 (/usr/local/texlive/2020/texmf-dist/tex/latex/tasks/tasks.cfg))
(/usr/local/texlive/2020/texmf-dist/tex/latex/geometry/geometry.sty
Package: geometry 2020/01/02 v5.9 Page Geometry

(/usr/local/texlive/2020/texmf-dist/tex/latex/graphics/keyval.sty
Package: keyval 2014/10/28 v1.15 key=value parser (DPC)
\KV@toks@=\toks22
)
(/usr/local/texlive/2020/texmf-dist/tex/generic/iftex/ifvtex.sty
Package: ifvtex 2019/10/25 v1.7 ifvtex legacy package. Use iftex instead.

(/usr/local/texlive/2020/texmf-dist/tex/generic/iftex/iftex.sty
Package: iftex 2020/03/06 v1.0d TeX engine tests
))
\Gm@cnth=\count275
\Gm@cntv=\count276
\c@Gm@tempcnt=\count277
\Gm@bindingoffset=\dimen156
\Gm@wd@mp=\dimen157
\Gm@odd@mp=\dimen158
\Gm@even@mp=\dimen159
\Gm@layoutwidth=\dimen160
\Gm@layoutheight=\dimen161
\Gm@layouthoffset=\dimen162
\Gm@layoutvoffset=\dimen163
\Gm@dimlist=\toks23
)
(./Friberg.aux)
\openout1 = `Friberg.aux'.

LaTeX Font Info:    Checking defaults for OML/cmm/m/it on input line 11.
LaTeX Font Info:    ... okay on input line 11.
LaTeX Font Info:    Checking defaults for OMS/cmsy/m/n on input line 11.
LaTeX Font Info:    ... okay on input line 11.
LaTeX Font Info:    Checking defaults for OT1/cmr/m/n on input line 11.
LaTeX Font Info:    ... okay on input line 11.
LaTeX Font Info:    Checking defaults for T1/cmr/m/n on input line 11.
LaTeX Font Info:    ... okay on input line 11.
LaTeX Font Info:    Checking defaults for TS1/cmr/m/n on input line 11.
LaTeX Font Info:    ... okay on input line 11.
LaTeX Font Info:    Checking defaults for OMX/cmex/m/n on input line 11.
LaTeX Font Info:    ... okay on input line 11.
LaTeX Font Info:    Checking defaults for U/cmr/m/n on input line 11.
LaTeX Font Info:    ... okay on input line 11.

*geometry* driver: auto-detecting
*geometry* detected driver: dvips
*geometry* verbose mode - [ preamble ] result:
* driver: dvips
* paper: a4paper
* layout: <same size as paper>
* layoutoffset:(h,v)=(0.0pt,0.0pt)
* modes: 
* h-part:(L,W,R)=(28.45274pt, 540.60239pt, 28.45274pt)
* v-part:(T,H,B)=(28.45274pt, 788.14136pt, 28.45274pt)
* \paperwidth=597.50787pt
* \paperheight=845.04684pt
* \textwidth=540.60239pt
* \textheight=788.14136pt
* \oddsidemargin=-43.81725pt
* \evensidemargin=-43.81725pt
* \topmargin=-80.81725pt
* \headheight=12.0pt
* \headsep=25.0pt
* \topskip=12.0pt
* \footskip=30.0pt
* \marginparwidth=49.79231pt
* \marginparsep=10.0pt
* \columnsep=10.0pt
* \skip\footins=10.8pt plus 4.0pt minus 2.0pt
* \hoffset=0.0pt
* \voffset=0.0pt
* \mag=1000
* \@twocolumnfalse
* \@twosidefalse
* \@mparswitchfalse
* \@reversemarginfalse
* (1in=72.27pt=25.4mm, 1cm=28.453pt)


Package tasks Warning: The width of `label-width' is too small on line 58.
(tasks)                Please set it at least to 11.09451pt.


Underfull \hbox (badness 10000) in paragraph at lines 58--58

 []


Overfull \hbox (2.81621pt too wide) in paragraph at lines 58--58
[]$\OML/cmm/m/it/12 []$\T1/cmr/m/n/12 : re-gres-sion pa-ram-e-ter de-rived for
 each year 
 []


Overfull \hbox (1.16916pt too wide) in paragraph at lines 58--58
|$\OML/cmm/m/it/12 FC[]\OT1/cmr/m/n/12 (\OML/cmm/m/it/12 s; t\OT1/cmr/m/n/12 ) 
= \OML/cmm/m/it/12 CMAQ\OT1/cmr/m/n/12 (\OML/cmm/m/it/12 s; t\OT1/cmr/m/n/12 ) 
\OMS/cmsy/m/n/12 ^^B \OT1/cmr/m/n/12 ([]) \OMS/cmsy/m/n/12 ^^B \OML/cmm/m/it/12
 ^^L[]\OT1/cmr/m/n/12 (\OML/cmm/m/it/12 t\OT1/cmr/m/n/12 )$ 
 []


Underfull \hbox (badness 10000) in paragraph at lines 58--58

 []


Underfull \hbox (badness 10000) in paragraph at lines 58--58

 []


Package tasks Warning: The width of `label-width' is too small on line 58.
(tasks)                Please set it at least to 11.09451pt.


Underfull \hbox (badness 10000) in paragraph at lines 58--58

 []


Overfull \hbox (7.54366pt too wide) in paragraph at lines 58--58
|$\OML/cmm/m/it/12 R[] \OT1/cmr/m/n/12 = [] [][] \OML/cmm/m/it/12 corr\OT1/cmr/
m/n/12 (\OML/cmm/m/it/12 OBS[]\OT1/cmr/m/n/12 (\OML/cmm/m/it/12 t\OT1/cmr/m/n/1
2 )\OML/cmm/m/it/12 ; CMAQ[]\OT1/cmr/m/n/12 (\OML/cmm/m/it/12 t\OT1/cmr/m/n/12 
)) \OMS/cmsy/m/n/12 ^^Y
 []


Underfull \hbox (badness 10000) in paragraph at lines 58--58

 []


Package tasks Warning: The width of `label-width' is too small on line 58.
(tasks)                Please set it at least to 11.09451pt.


Overfull \hbox (1.19145pt too wide) in paragraph at lines 58--58
|$\OML/cmm/m/it/12 FC[]\OT1/cmr/m/n/12 (\OML/cmm/m/it/12 s; t\OT1/cmr/m/n/12 ) 
= \OML/cmm/m/it/12 W\OT1/cmr/m/n/12 (\OML/cmm/m/it/12 s; t\OT1/cmr/m/n/12 ) \OM
S/cmsy/m/n/12 ^^B \OML/cmm/m/it/12 FC[]\OT1/cmr/m/n/12 (\OML/cmm/m/it/12 s; t\O
T1/cmr/m/n/12 ) + (1 \OMS/cmsy/m/n/12 ^^@ \OML/cmm/m/it/12 W\OT1/cmr/m/n/12 (\O
ML/cmm/m/it/12 s; t\OT1/cmr/m/n/12 )) \OMS/cmsy/m/n/12 ^^B
 []

[1

] (./Friberg.aux) ) 
Here is how much of TeX's memory you used:
 3249 strings out of 480609
 56424 string characters out of 5903657
 335856 words of memory out of 5000000
 19140 multiletter control sequences out of 15000+600000
 538057 words of font info for 39 fonts, out of 8000000 for 9000
 1141 hyphenation exceptions out of 8191
 37i,6n,50p,230b,271s stack positions out of 5000i,500n,10000p,200000b,80000s

Output written on Friberg.dvi (1 page, 6144 bytes).
